# JRE version: OpenJDK Runtime Environment (8.0_212-b04) (build 1.8.0_212-release-1586-b04)
# Java VM: OpenJDK 64-Bit Server VM (25.212-b04 mixed mode windows-amd64 compressed oops)
Heap:
 PSYoungGen      total 245248K, used 224704K [0x00000000e0000000, 0x00000000f2b00000, 0x0000000100000000)
  eden space 202752K, 100% used [0x00000000e0000000,0x00000000ec600000,0x00000000ec600000)
  from space 42496K, 51% used [0x00000000ec600000,0x00000000edb701f0,0x00000000eef80000)
  to   space 41472K, 34% used [0x00000000f0280000,0x00000000f10a6ac0,0x00000000f2b00000)
 ParOldGen       total 218112K, used 109464K [0x00000000a0000000, 0x00000000ad500000, 0x00000000e0000000)
  object space 218112K, 50% used [0x00000000a0000000,0x00000000a6ae6008,0x00000000ad500000)
 Metaspace       used 98389K, capacity 102754K, committed 103104K, reserved 1138688K
  class space    used 12758K, capacity 13638K, committed 13784K, reserved 1048576K
GC Heap History (10 events):
Event: 8783.673 GC heap before
{Heap before GC invocations=19 (full 3):
 PSYoungGen      total 219648K, used 211595K [0x00000000e0000000, 0x00000000f0c00000, 0x0000000100000000)
  eden space 196608K, 100% used [0x00000000e0000000,0x00000000ec000000,0x00000000ec000000)
  from space 23040K, 65% used [0x00000000ec000000,0x00000000ecea2fe8,0x00000000ed680000)
  to   space 23552K, 0% used [0x00000000ef500000,0x00000000ef500000,0x00000000f0c00000)
 ParOldGen       total 132608K, used 50455K [0x00000000a0000000, 0x00000000a8180000, 0x00000000e0000000)
  object space 132608K, 38% used [0x00000000a0000000,0x00000000a3145ee8,0x00000000a8180000)
 Metaspace       used 82510K, capacity 86278K, committed 86488K, reserved 1124352K
  class space    used 10796K, capacity 11623K, committed 11736K, reserved 1048576K
Event: 8783.792 GC heap after
Heap after GC invocations=19 (full 3):
 PSYoungGen      total 210432K, used 19773K [0x00000000e0000000, 0x00000000f0880000, 0x0000000100000000)
  eden space 190464K, 0% used [0x00000000e0000000,0x00000000e0000000,0x00000000eba00000)
  from space 19968K, 99% used [0x00000000ef500000,0x00000000f084f490,0x00000000f0880000)
  to   space 25600K, 0% used [0x00000000ed680000,0x00000000ed680000,0x00000000eef80000)
 ParOldGen       total 132608K, used 50463K [0x00000000a0000000, 0x00000000a8180000, 0x00000000e0000000)
  object space 132608K, 38% used [0x00000000a0000000,0x00000000a3147ee8,0x00000000a8180000)
 Metaspace       used 82510K, capacity 86278K, committed 86488K, reserved 1124352K
  class space    used 10796K, capacity 11623K, committed 11736K, reserved 1048576K
}
Event: 8791.903 GC heap before
{Heap before GC invocations=20 (full 3):
 PSYoungGen      total 210432K, used 163020K [0x00000000e0000000, 0x00000000f0880000, 0x0000000100000000)
  eden space 190464K, 75% used [0x00000000e0000000,0x00000000e8be3bf0,0x00000000eba00000)
  from space 19968K, 99% used [0x00000000ef500000,0x00000000f084f490,0x00000000f0880000)
  to   space 25600K, 0% used [0x00000000ed680000,0x00000000ed680000,0x00000000eef80000)
 ParOldGen       total 132608K, used 50463K [0x00000000a0000000, 0x00000000a8180000, 0x00000000e0000000)
  object space 132608K, 38% used [0x00000000a0000000,0x00000000a3147ee8,0x00000000a8180000)
 Metaspace       used 93982K, capacity 98442K, committed 98496K, reserved 1134592K
  class space    used 12348K, capacity 13272K, committed 13272K, reserved 1048576K
Event: 8791.963 GC heap after
Heap after GC invocations=20 (full 3):
 PSYoungGen      total 209920K, used 25596K [0x00000000e0000000, 0x00000000ef580000, 0x0000000100000000)
  eden space 184320K, 0% used [0x00000000e0000000,0x00000000e0000000,0x00000000eb400000)
  from space 25600K, 99% used [0x00000000ed680000,0x00000000eef7f2a8,0x00000000eef80000)
  to   space 6144K, 0% used [0x00000000eef80000,0x00000000eef80000,0x00000000ef580000)
 ParOldGen       total 132608K, used 57691K [0x00000000a0000000, 0x00000000a8180000, 0x00000000e0000000)
  object space 132608K, 43% used [0x00000000a0000000,0x00000000a3856c28,0x00000000a8180000)
 Metaspace       used 93982K, capacity 98442K, committed 98496K, reserved 1134592K
  class space    used 12348K, capacity 13272K, committed 13272K, reserved 1048576K
}
Event: 8791.963 GC heap before
{Heap before GC invocations=21 (full 4):
 PSYoungGen      total 209920K, used 25596K [0x00000000e0000000, 0x00000000ef580000, 0x0000000100000000)
  eden space 184320K, 0% used [0x00000000e0000000,0x00000000e0000000,0x00000000eb400000)
  from space 25600K, 99% used [0x00000000ed680000,0x00000000eef7f2a8,0x00000000eef80000)
  to   space 6144K, 0% used [0x00000000eef80000,0x00000000eef80000,0x00000000ef580000)
 ParOldGen       total 132608K, used 57691K [0x00000000a0000000, 0x00000000a8180000, 0x00000000e0000000)
  object space 132608K, 43% used [0x00000000a0000000,0x00000000a3856c28,0x00000000a8180000)
 Metaspace       used 93982K, capacity 98442K, committed 98496K, reserved 1134592K
  class space    used 12348K, capacity 13272K, committed 13272K, reserved 1048576K
Event: 8793.981 GC heap after
Heap after GC invocations=21 (full 4):
 PSYoungGen      total 209920K, used 0K [0x00000000e0000000, 0x00000000ef580000, 0x0000000100000000)
  eden space 184320K, 0% used [0x00000000e0000000,0x00000000e0000000,0x00000000eb400000)
  from space 25600K, 0% used [0x00000000ed680000,0x00000000ed680000,0x00000000eef80000)
  to   space 6144K, 0% used [0x00000000eef80000,0x00000000eef80000,0x00000000ef580000)
 ParOldGen       total 218112K, used 67789K [0x00000000a0000000, 0x00000000ad500000, 0x00000000e0000000)
  object space 218112K, 31% used [0x00000000a0000000,0x00000000a42334a8,0x00000000ad500000)
 Metaspace       used 92467K, capacity 95508K, committed 98496K, reserved 1134592K
  class space    used 12039K, capacity 12695K, committed 13272K, reserved 1048576K
}
Event: 8798.053 GC heap before
{Heap before GC invocations=22 (full 4):
 PSYoungGen      total 209920K, used 184320K [0x00000000e0000000, 0x00000000ef580000, 0x0000000100000000)
  eden space 184320K, 100% used [0x00000000e0000000,0x00000000eb400000,0x00000000eb400000)
  from space 25600K, 0% used [0x00000000ed680000,0x00000000ed680000,0x00000000eef80000)
  to   space 6144K, 0% used [0x00000000eef80000,0x00000000eef80000,0x00000000ef580000)
 ParOldGen       total 218112K, used 67789K [0x00000000a0000000, 0x00000000ad500000, 0x00000000e0000000)
  object space 218112K, 31% used [0x00000000a0000000,0x00000000a42334a8,0x00000000ad500000)
 Metaspace       used 95967K, capacity 99610K, committed 101696K, reserved 1136640K
  class space    used 12476K, capacity 13222K, committed 13656K, reserved 1048576K
Event: 8798.164 GC heap after
Heap after GC invocations=22 (full 4):
 PSYoungGen      total 208896K, used 6138K [0x00000000e0000000, 0x00000000f1d00000, 0x0000000100000000)
  eden space 202752K, 0% used [0x00000000e0000000,0x00000000e0000000,0x00000000ec600000)
  from space 6144K, 99% used [0x00000000eef80000,0x00000000ef57eb10,0x00000000ef580000)
  to   space 42496K, 0% used [0x00000000ec600000,0x00000000ec600000,0x00000000eef80000)
 ParOldGen       total 218112K, used 109456K [0x00000000a0000000, 0x00000000ad500000, 0x00000000e0000000)
  object space 218112K, 50% used [0x00000000a0000000,0x00000000a6ae4008,0x00000000ad500000)
 Metaspace       used 95967K, capacity 99610K, committed 101696K, reserved 1136640K
  class space    used 12476K, capacity 13222K, committed 13656K, reserved 1048576K
}
Event: 8936.031 GC heap before
{Heap before GC invocations=23 (full 4):
 PSYoungGen      total 208896K, used 208890K [0x00000000e0000000, 0x00000000f1d00000, 0x0000000100000000)
  eden space 202752K, 100% used [0x00000000e0000000,0x00000000ec600000,0x00000000ec600000)
  from space 6144K, 99% used [0x00000000eef80000,0x00000000ef57eb10,0x00000000ef580000)
  to   space 42496K, 0% used [0x00000000ec600000,0x00000000ec600000,0x00000000eef80000)
 ParOldGen       total 218112K, used 109456K [0x00000000a0000000, 0x00000000ad500000, 0x00000000e0000000)
  object space 218112K, 50% used [0x00000000a0000000,0x00000000a6ae4008,0x00000000ad500000)
 Metaspace       used 97863K, capacity 102014K, committed 102848K, reserved 1138688K
  class space    used 12720K, capacity 13570K, committed 13784K, reserved 1048576K
Event: 8936.159 GC heap after
Heap after GC invocations=23 (full 4):
 PSYoungGen      total 245248K, used 21952K [0x00000000e0000000, 0x00000000f2b00000, 0x0000000100000000)
  eden space 202752K, 0% used [0x00000000e0000000,0x00000000e0000000,0x00000000ec600000)
  from space 42496K, 51% used [0x00000000ec600000,0x00000000edb701f0,0x00000000eef80000)
  to   space 41472K, 0% used [0x00000000f0280000,0x00000000f0280000,0x00000000f2b00000)
 ParOldGen       total 218112K, used 109456K [0x00000000a0000000, 0x00000000ad500000, 0x00000000e0000000)
  object space 218112K, 50% used [0x00000000a0000000,0x00000000a6ae4008,0x00000000ad500000)
 Metaspace       used 97863K, capacity 102014K, committed 102848K, reserved 1138688K
  class space    used 12720K, capacity 13570K, committed 13784K, reserved 1048576K
}

