# JRE version: OpenJDK Runtime Environment (8.0_212-b04) (build 1.8.0_212-release-1586-b04)
# Java VM: OpenJDK 64-Bit Server VM (25.212-b04 mixed mode windows-amd64 compressed oops)
Heap:
 PSYoungGen      total 270848K, used 255333K [0x00000000e0000000, 0x00000000f2880000, 0x0000000100000000)
  eden space 247296K, 93% used [0x00000000e0000000,0x00000000ee25d040,0x00000000ef180000)
  from space 23552K, 99% used [0x00000000f1080000,0x00000000f277c4c0,0x00000000f2780000)
  to   space 28160K, 0% used [0x00000000ef180000,0x00000000ef180000,0x00000000f0d00000)
 ParOldGen       total 133632K, used 34360K [0x00000000a0000000, 0x00000000a8280000, 0x00000000e0000000)
  object space 133632K, 25% used [0x00000000a0000000,0x00000000a218e058,0x00000000a8280000)
 Metaspace       used 84562K, capacity 87952K, committed 88192K, reserved 1126400K
  class space    used 11081K, capacity 11860K, committed 11904K, reserved 1048576K
GC Heap History (10 events):
Event: 43.051 GC heap before
{Heap before GC invocations=11 (full 2):
 PSYoungGen      total 177664K, used 177379K [0x00000000e0000000, 0x00000000ec400000, 0x0000000100000000)
  eden space 164864K, 100% used [0x00000000e0000000,0x00000000ea100000,0x00000000ea100000)
  from space 12800K, 97% used [0x00000000eb780000,0x00000000ec3b8d50,0x00000000ec400000)
  to   space 15360K, 0% used [0x00000000ea600000,0x00000000ea600000,0x00000000eb500000)
 ParOldGen       total 102400K, used 18911K [0x00000000a0000000, 0x00000000a6400000, 0x00000000e0000000)
  object space 102400K, 18% used [0x00000000a0000000,0x00000000a1277c38,0x00000000a6400000)
 Metaspace       used 56750K, capacity 58544K, committed 58880K, reserved 1099776K
  class space    used 7643K, capacity 8093K, committed 8192K, reserved 1048576K
Event: 43.084 GC heap after
Heap after GC invocations=11 (full 2):
 PSYoungGen      total 185344K, used 15356K [0x00000000e0000000, 0x00000000ee500000, 0x0000000100000000)
  eden space 169984K, 0% used [0x00000000e0000000,0x00000000e0000000,0x00000000ea600000)
  from space 15360K, 99% used [0x00000000ea600000,0x00000000eb4ff320,0x00000000eb500000)
  to   space 22016K, 0% used [0x00000000ecf80000,0x00000000ecf80000,0x00000000ee500000)
 ParOldGen       total 102400K, used 29449K [0x00000000a0000000, 0x00000000a6400000, 0x00000000e0000000)
  object space 102400K, 28% used [0x00000000a0000000,0x00000000a1cc25d0,0x00000000a6400000)
 Metaspace       used 56750K, capacity 58544K, committed 58880K, reserved 1099776K
  class space    used 7643K, capacity 8093K, committed 8192K, reserved 1048576K
}
Event: 43.283 GC heap before
{Heap before GC invocations=12 (full 2):
 PSYoungGen      total 185344K, used 24764K [0x00000000e0000000, 0x00000000ee500000, 0x0000000100000000)
  eden space 169984K, 5% used [0x00000000e0000000,0x00000000e092fd78,0x00000000ea600000)
  from space 15360K, 99% used [0x00000000ea600000,0x00000000eb4ff320,0x00000000eb500000)
  to   space 22016K, 0% used [0x00000000ecf80000,0x00000000ecf80000,0x00000000ee500000)
 ParOldGen       total 102400K, used 29449K [0x00000000a0000000, 0x00000000a6400000, 0x00000000e0000000)
  object space 102400K, 28% used [0x00000000a0000000,0x00000000a1cc25d0,0x00000000a6400000)
 Metaspace       used 57261K, capacity 59084K, committed 59136K, reserved 1099776K
  class space    used 7727K, capacity 8171K, committed 8192K, reserved 1048576K
Event: 43.304 GC heap after
Heap after GC invocations=12 (full 2):
 PSYoungGen      total 211456K, used 15949K [0x00000000e0000000, 0x00000000f1080000, 0x0000000100000000)
  eden space 189440K, 0% used [0x00000000e0000000,0x00000000e0000000,0x00000000eb900000)
  from space 22016K, 72% used [0x00000000ecf80000,0x00000000edf13638,0x00000000ee500000)
  to   space 23040K, 0% used [0x00000000eb900000,0x00000000eb900000,0x00000000ecf80000)
 ParOldGen       total 102400K, used 29457K [0x00000000a0000000, 0x00000000a6400000, 0x00000000e0000000)
  object space 102400K, 28% used [0x00000000a0000000,0x00000000a1cc45d0,0x00000000a6400000)
 Metaspace       used 57261K, capacity 59084K, committed 59136K, reserved 1099776K
  class space    used 7727K, capacity 8171K, committed 8192K, reserved 1048576K
}
Event: 43.305 GC heap before
{Heap before GC invocations=13 (full 3):
 PSYoungGen      total 211456K, used 15949K [0x00000000e0000000, 0x00000000f1080000, 0x0000000100000000)
  eden space 189440K, 0% used [0x00000000e0000000,0x00000000e0000000,0x00000000eb900000)
  from space 22016K, 72% used [0x00000000ecf80000,0x00000000edf13638,0x00000000ee500000)
  to   space 23040K, 0% used [0x00000000eb900000,0x00000000eb900000,0x00000000ecf80000)
 ParOldGen       total 102400K, used 29457K [0x00000000a0000000, 0x00000000a6400000, 0x00000000e0000000)
  object space 102400K, 28% used [0x00000000a0000000,0x00000000a1cc45d0,0x00000000a6400000)
 Metaspace       used 57261K, capacity 59084K, committed 59136K, reserved 1099776K
  class space    used 7727K, capacity 8171K, committed 8192K, reserved 1048576K
Event: 43.620 GC heap after
Heap after GC invocations=13 (full 3):
 PSYoungGen      total 211456K, used 0K [0x00000000e0000000, 0x00000000f1080000, 0x0000000100000000)
  eden space 189440K, 0% used [0x00000000e0000000,0x00000000e0000000,0x00000000eb900000)
  from space 22016K, 0% used [0x00000000ecf80000,0x00000000ecf80000,0x00000000ee500000)
  to   space 23040K, 0% used [0x00000000eb900000,0x00000000eb900000,0x00000000ecf80000)
 ParOldGen       total 133632K, used 30567K [0x00000000a0000000, 0x00000000a8280000, 0x00000000e0000000)
  object space 133632K, 22% used [0x00000000a0000000,0x00000000a1dd9f60,0x00000000a8280000)
 Metaspace       used 57253K, capacity 59060K, committed 59136K, reserved 1099776K
  class space    used 7725K, capacity 8167K, committed 8192K, reserved 1048576K
}
Event: 50.648 GC heap before
{Heap before GC invocations=14 (full 3):
 PSYoungGen      total 211456K, used 189440K [0x00000000e0000000, 0x00000000f1080000, 0x0000000100000000)
  eden space 189440K, 100% used [0x00000000e0000000,0x00000000eb900000,0x00000000eb900000)
  from space 22016K, 0% used [0x00000000ecf80000,0x00000000ecf80000,0x00000000ee500000)
  to   space 23040K, 0% used [0x00000000eb900000,0x00000000eb900000,0x00000000ecf80000)
 ParOldGen       total 133632K, used 30567K [0x00000000a0000000, 0x00000000a8280000, 0x00000000e0000000)
  object space 133632K, 22% used [0x00000000a0000000,0x00000000a1dd9f60,0x00000000a8280000)
 Metaspace       used 65830K, capacity 68330K, committed 68480K, reserved 1107968K
  class space    used 9039K, capacity 9576K, committed 9600K, reserved 1048576K
Event: 50.681 GC heap after
Heap after GC invocations=14 (full 3):
 PSYoungGen      total 212480K, used 16228K [0x00000000e0000000, 0x00000000f2780000, 0x0000000100000000)
  eden space 189440K, 0% used [0x00000000e0000000,0x00000000e0000000,0x00000000eb900000)
  from space 23040K, 70% used [0x00000000eb900000,0x00000000ec8d9338,0x00000000ecf80000)
  to   space 23552K, 0% used [0x00000000f1080000,0x00000000f1080000,0x00000000f2780000)
 ParOldGen       total 133632K, used 30575K [0x00000000a0000000, 0x00000000a8280000, 0x00000000e0000000)
  object space 133632K, 22% used [0x00000000a0000000,0x00000000a1ddbf60,0x00000000a8280000)
 Metaspace       used 65830K, capacity 68330K, committed 68480K, reserved 1107968K
  class space    used 9039K, capacity 9576K, committed 9600K, reserved 1048576K
}
Event: 3284.357 GC heap before
{Heap before GC invocations=15 (full 3):
 PSYoungGen      total 212480K, used 205668K [0x00000000e0000000, 0x00000000f2780000, 0x0000000100000000)
  eden space 189440K, 100% used [0x00000000e0000000,0x00000000eb900000,0x00000000eb900000)
  from space 23040K, 70% used [0x00000000eb900000,0x00000000ec8d9338,0x00000000ecf80000)
  to   space 23552K, 0% used [0x00000000f1080000,0x00000000f1080000,0x00000000f2780000)
 ParOldGen       total 133632K, used 30575K [0x00000000a0000000, 0x00000000a8280000, 0x00000000e0000000)
  object space 133632K, 22% used [0x00000000a0000000,0x00000000a1ddbf60,0x00000000a8280000)
 Metaspace       used 75262K, capacity 78426K, committed 78592K, reserved 1118208K
  class space    used 9951K, capacity 10631K, committed 10752K, reserved 1048576K
Event: 3284.661 GC heap after
Heap after GC invocations=15 (full 3):
 PSYoungGen      total 270848K, used 23537K [0x00000000e0000000, 0x00000000f2880000, 0x0000000100000000)
  eden space 247296K, 0% used [0x00000000e0000000,0x00000000e0000000,0x00000000ef180000)
  from space 23552K, 99% used [0x00000000f1080000,0x00000000f277c4c0,0x00000000f2780000)
  to   space 28160K, 0% used [0x00000000ef180000,0x00000000ef180000,0x00000000f0d00000)
 ParOldGen       total 133632K, used 34360K [0x00000000a0000000, 0x00000000a8280000, 0x00000000e0000000)
  object space 133632K, 25% used [0x00000000a0000000,0x00000000a218e058,0x00000000a8280000)
 Metaspace       used 75262K, capacity 78426K, committed 78592K, reserved 1118208K
  class space    used 9951K, capacity 10631K, committed 10752K, reserved 1048576K
}

