# JRE version: OpenJDK Runtime Environment (8.0_212-b04) (build 1.8.0_212-release-1586-b04)
# Java VM: OpenJDK 64-Bit Server VM (25.212-b04 mixed mode windows-amd64 compressed oops)
Heap:
 PSYoungGen      total 194048K, used 43770K [0x00000000e0000000, 0x00000000f4000000, 0x0000000100000000)
  eden space 135680K, 32% used [0x00000000e0000000,0x00000000e2abe818,0x00000000e8480000)
  from space 58368K, 0% used [0x00000000ece00000,0x00000000ece00000,0x00000000f0700000)
  to   space 75264K, 0% used [0x00000000e8480000,0x00000000e8480000,0x00000000ece00000)
 ParOldGen       total 238592K, used 91290K [0x00000000a0000000, 0x00000000ae900000, 0x00000000e0000000)
  object space 238592K, 38% used [0x00000000a0000000,0x00000000a5926b58,0x00000000ae900000)
 Metaspace       used 91328K, capacity 96118K, committed 96856K, reserved 1132544K
  class space    used 11843K, capacity 12726K, committed 12888K, reserved 1048576K
GC Heap History (10 events):
Event: 2552.305 GC heap before
{Heap before GC invocations=26 (full 3):
 PSYoungGen      total 214528K, used 206643K [0x00000000e0000000, 0x00000000efc00000, 0x0000000100000000)
  eden space 178176K, 100% used [0x00000000e0000000,0x00000000eae00000,0x00000000eae00000)
  from space 36352K, 78% used [0x00000000ed880000,0x00000000ef44cc88,0x00000000efc00000)
  to   space 39936K, 0% used [0x00000000eae00000,0x00000000eae00000,0x00000000ed500000)
 ParOldGen       total 136192K, used 74549K [0x00000000a0000000, 0x00000000a8500000, 0x00000000e0000000)
  object space 136192K, 54% used [0x00000000a0000000,0x00000000a48cd5e8,0x00000000a8500000)
 Metaspace       used 91076K, capacity 95894K, committed 96088K, reserved 1132544K
  class space    used 11865K, capacity 12774K, committed 12888K, reserved 1048576K
Event: 2552.364 GC heap after
Heap after GC invocations=26 (full 3):
 PSYoungGen      total 195072K, used 22314K [0x00000000e0000000, 0x00000000ef580000, 0x0000000100000000)
  eden space 172544K, 0% used [0x00000000e0000000,0x00000000e0000000,0x00000000ea880000)
  from space 22528K, 99% used [0x00000000eae00000,0x00000000ec3ca980,0x00000000ec400000)
  to   space 39424K, 0% used [0x00000000ecf00000,0x00000000ecf00000,0x00000000ef580000)
 ParOldGen       total 136192K, used 74557K [0x00000000a0000000, 0x00000000a8500000, 0x00000000e0000000)
  object space 136192K, 54% used [0x00000000a0000000,0x00000000a48cf5e8,0x00000000a8500000)
 Metaspace       used 91076K, capacity 95894K, committed 96088K, reserved 1132544K
  class space    used 11865K, capacity 12774K, committed 12888K, reserved 1048576K
}
Event: 2558.155 GC heap before
{Heap before GC invocations=27 (full 3):
 PSYoungGen      total 195072K, used 194854K [0x00000000e0000000, 0x00000000ef580000, 0x0000000100000000)
  eden space 172544K, 99% used [0x00000000e0000000,0x00000000ea87f010,0x00000000ea880000)
  from space 22528K, 99% used [0x00000000eae00000,0x00000000ec3ca980,0x00000000ec400000)
  to   space 39424K, 0% used [0x00000000ecf00000,0x00000000ecf00000,0x00000000ef580000)
 ParOldGen       total 136192K, used 74557K [0x00000000a0000000, 0x00000000a8500000, 0x00000000e0000000)
  object space 136192K, 54% used [0x00000000a0000000,0x00000000a48cf5e8,0x00000000a8500000)
 Metaspace       used 91245K, capacity 96104K, committed 96344K, reserved 1132544K
  class space    used 11871K, capacity 12785K, committed 12888K, reserved 1048576K
Event: 2558.313 GC heap after
Heap after GC invocations=27 (full 3):
 PSYoungGen      total 196608K, used 39416K [0x00000000e0000000, 0x00000000f0e80000, 0x0000000100000000)
  eden space 157184K, 0% used [0x00000000e0000000,0x00000000e0000000,0x00000000e9980000)
  from space 39424K, 99% used [0x00000000ecf00000,0x00000000ef57e3c8,0x00000000ef580000)
  to   space 54784K, 0% used [0x00000000e9980000,0x00000000e9980000,0x00000000ecf00000)
 ParOldGen       total 136192K, used 100481K [0x00000000a0000000, 0x00000000a8500000, 0x00000000e0000000)
  object space 136192K, 73% used [0x00000000a0000000,0x00000000a6220720,0x00000000a8500000)
 Metaspace       used 91245K, capacity 96104K, committed 96344K, reserved 1132544K
  class space    used 11871K, capacity 12785K, committed 12888K, reserved 1048576K
}
Event: 2705.947 GC heap before
{Heap before GC invocations=28 (full 3):
 PSYoungGen      total 196608K, used 196600K [0x00000000e0000000, 0x00000000f0e80000, 0x0000000100000000)
  eden space 157184K, 100% used [0x00000000e0000000,0x00000000e9980000,0x00000000e9980000)
  from space 39424K, 99% used [0x00000000ecf00000,0x00000000ef57e3c8,0x00000000ef580000)
  to   space 54784K, 0% used [0x00000000e9980000,0x00000000e9980000,0x00000000ecf00000)
 ParOldGen       total 136192K, used 100481K [0x00000000a0000000, 0x00000000a8500000, 0x00000000e0000000)
  object space 136192K, 73% used [0x00000000a0000000,0x00000000a6220720,0x00000000a8500000)
 Metaspace       used 91441K, capacity 96480K, committed 96600K, reserved 1132544K
  class space    used 11893K, capacity 12825K, committed 12888K, reserved 1048576K
Event: 2706.020 GC heap after
Heap after GC invocations=28 (full 3):
 PSYoungGen      total 194048K, used 41321K [0x00000000e0000000, 0x00000000f0700000, 0x0000000100000000)
  eden space 152576K, 0% used [0x00000000e0000000,0x00000000e0000000,0x00000000e9500000)
  from space 41472K, 99% used [0x00000000e9980000,0x00000000ec1da6c0,0x00000000ec200000)
  to   space 58368K, 0% used [0x00000000ece00000,0x00000000ece00000,0x00000000f0700000)
 ParOldGen       total 136192K, used 100993K [0x00000000a0000000, 0x00000000a8500000, 0x00000000e0000000)
  object space 136192K, 74% used [0x00000000a0000000,0x00000000a62a0720,0x00000000a8500000)
 Metaspace       used 91441K, capacity 96480K, committed 96600K, reserved 1132544K
  class space    used 11893K, capacity 12825K, committed 12888K, reserved 1048576K
}
Event: 2707.562 GC heap before
{Heap before GC invocations=29 (full 3):
 PSYoungGen      total 194048K, used 193897K [0x00000000e0000000, 0x00000000f0700000, 0x0000000100000000)
  eden space 152576K, 100% used [0x00000000e0000000,0x00000000e9500000,0x00000000e9500000)
  from space 41472K, 99% used [0x00000000e9980000,0x00000000ec1da6c0,0x00000000ec200000)
  to   space 58368K, 0% used [0x00000000ece00000,0x00000000ece00000,0x00000000f0700000)
 ParOldGen       total 136192K, used 100993K [0x00000000a0000000, 0x00000000a8500000, 0x00000000e0000000)
  object space 136192K, 74% used [0x00000000a0000000,0x00000000a62a0720,0x00000000a8500000)
 Metaspace       used 91592K, capacity 96612K, committed 96856K, reserved 1132544K
  class space    used 11893K, capacity 12825K, committed 12888K, reserved 1048576K
Event: 2707.688 GC heap after
Heap after GC invocations=29 (full 3):
 PSYoungGen      total 194048K, used 58342K [0x00000000e0000000, 0x00000000f4000000, 0x0000000100000000)
  eden space 135680K, 0% used [0x00000000e0000000,0x00000000e0000000,0x00000000e8480000)
  from space 58368K, 99% used [0x00000000ece00000,0x00000000f06f9b68,0x00000000f0700000)
  to   space 75264K, 0% used [0x00000000e8480000,0x00000000e8480000,0x00000000ece00000)
 ParOldGen       total 136192K, used 122338K [0x00000000a0000000, 0x00000000a8500000, 0x00000000e0000000)
  object space 136192K, 89% used [0x00000000a0000000,0x00000000a7778a70,0x00000000a8500000)
 Metaspace       used 91592K, capacity 96612K, committed 96856K, reserved 1132544K
  class space    used 11893K, capacity 12825K, committed 12888K, reserved 1048576K
}
Event: 2707.688 GC heap before
{Heap before GC invocations=30 (full 4):
 PSYoungGen      total 194048K, used 58342K [0x00000000e0000000, 0x00000000f4000000, 0x0000000100000000)
  eden space 135680K, 0% used [0x00000000e0000000,0x00000000e0000000,0x00000000e8480000)
  from space 58368K, 99% used [0x00000000ece00000,0x00000000f06f9b68,0x00000000f0700000)
  to   space 75264K, 0% used [0x00000000e8480000,0x00000000e8480000,0x00000000ece00000)
 ParOldGen       total 136192K, used 122338K [0x00000000a0000000, 0x00000000a8500000, 0x00000000e0000000)
  object space 136192K, 89% used [0x00000000a0000000,0x00000000a7778a70,0x00000000a8500000)
 Metaspace       used 91592K, capacity 96612K, committed 96856K, reserved 1132544K
  class space    used 11893K, capacity 12825K, committed 12888K, reserved 1048576K
Event: 2710.535 GC heap after
Heap after GC invocations=30 (full 4):
 PSYoungGen      total 194048K, used 0K [0x00000000e0000000, 0x00000000f4000000, 0x0000000100000000)
  eden space 135680K, 0% used [0x00000000e0000000,0x00000000e0000000,0x00000000e8480000)
  from space 58368K, 0% used [0x00000000ece00000,0x00000000ece00000,0x00000000f0700000)
  to   space 75264K, 0% used [0x00000000e8480000,0x00000000e8480000,0x00000000ece00000)
 ParOldGen       total 238592K, used 91290K [0x00000000a0000000, 0x00000000ae900000, 0x00000000e0000000)
  object space 238592K, 38% used [0x00000000a0000000,0x00000000a5926b58,0x00000000ae900000)
 Metaspace       used 91320K, capacity 96118K, committed 96856K, reserved 1132544K
  class space    used 11840K, capacity 12726K, committed 12888K, reserved 1048576K
}

